<?xml version="1.0" encoding="UTF-8"?>
<!-- Generated by org.testng.reporters.JUnitReportReporter -->
<testsuite hostname="Va_Marcus" failures="0" tests="2" name="Test.testLeaveList" time="40.695" errors="0" timestamp="2023-08-19T11:43:44 ICT" skipped="0">
  <testcase classname="Test.testLeaveList" name="TR_LL_01" time="20.252"/>
  <testcase classname="Test.testLeaveList" name="TR_LL_02" time="20.443"/>
  <system-out>
    <![CDATA[Browser Open
Browser Maximized
Application Started]]>
  </system-out>
</testsuite> <!-- Test.testLeaveList -->
