<?xml version="1.0" encoding="UTF-8"?>
<!-- Generated by org.testng.reporters.JUnitReportReporter -->
<testsuite hostname="DESKTOP-OEV9Q9R" failures="0" tests="1" name="test.testOrangelHRMAssignLeave" time="5.685" errors="0" timestamp="2023-08-04T19:02:02 ICT" skipped="0">
  <testcase classname="test.testOrangelHRMAssignLeave" name="TC_AL_01" time="5.685"/>
</testsuite> <!-- test.testOrangelHRMAssignLeave -->
