<?xml version="1.0" encoding="UTF-8"?>
<!-- Generated by org.testng.reporters.JUnitReportReporter -->
<testsuite hostname="DESKTOP-OEV9Q9R" failures="0" tests="3" name="Week_05.Week_05" time="9.572" errors="0" timestamp="2023-07-08T00:07:29 ICT" skipped="2">
  <testcase classname="Week_05.Week_05" name="Test" time="9.572"/>
  <testcase classname="Week_05.Week_05" name="getTotalRowNumber">
    <skipped/>
  </testcase> <!-- getTotalRowNumber -->
  <testcase classname="Week_05.Week_05" name="getTotalColNumber">
    <skipped/>
  </testcase> <!-- getTotalColNumber -->
</testsuite> <!-- Week_05.Week_05 -->
