<?xml version="1.0" encoding="UTF-8"?>
<!-- Generated by org.testng.reporters.JUnitReportReporter -->
<testsuite hostname="DESKTOP-OEV9Q9R" failures="0" tests="10" name="orangeHRM.assignLeave" time="11.329" errors="0" timestamp="2023-08-04T14:59:55 ICT" skipped="9">
  <testcase classname="orangeHRM.assignLeave" name="TR_AL_10" time="11.329"/>
  <testcase classname="orangeHRM.assignLeave" name="TR_AL_03">
    <skipped/>
  </testcase> <!-- TR_AL_03 -->
  <testcase classname="orangeHRM.assignLeave" name="TR_AL_04">
    <skipped/>
  </testcase> <!-- TR_AL_04 -->
  <testcase classname="orangeHRM.assignLeave" name="TR_AL_01">
    <skipped/>
  </testcase> <!-- TR_AL_01 -->
  <testcase classname="orangeHRM.assignLeave" name="TR_AL_02">
    <skipped/>
  </testcase> <!-- TR_AL_02 -->
  <testcase classname="orangeHRM.assignLeave" name="TR_AL_07">
    <skipped/>
  </testcase> <!-- TR_AL_07 -->
  <testcase classname="orangeHRM.assignLeave" name="TR_AL_08">
    <skipped/>
  </testcase> <!-- TR_AL_08 -->
  <testcase classname="orangeHRM.assignLeave" name="TR_AL_05">
    <skipped/>
  </testcase> <!-- TR_AL_05 -->
  <testcase classname="orangeHRM.assignLeave" name="TR_AL_06">
    <skipped/>
  </testcase> <!-- TR_AL_06 -->
  <testcase classname="orangeHRM.assignLeave" name="TR_AL_09">
    <skipped/>
  </testcase> <!-- TR_AL_09 -->
</testsuite> <!-- orangeHRM.assignLeave -->
