<?xml version="1.0" encoding="UTF-8"?>
<!-- Generated by org.testng.reporters.JUnitReportReporter -->
<testsuite hostname="DESKTOP-OEV9Q9R" failures="0" tests="1" name="exercise.DemoA" time="4.752" errors="0" timestamp="2023-07-23T17:24:28 ICT" skipped="0">
  <testcase classname="exercise.DemoA" name="run" time="4.752">
    <system-out>
      <![CDATA[The browser is opened now
The browser is maximized
The Google website is opened
The data "HI" is entered]]>
    </system-out>
  </testcase> <!-- run -->
  <system-out>
    <![CDATA[The browser is opened now
The browser is maximized
The Google website is opened
The data "HI" is entered]]>
  </system-out>
</testsuite> <!-- exercise.DemoA -->
