<?xml version="1.0" encoding="UTF-8"?>
<!-- Generated by org.testng.reporters.JUnitReportReporter -->
<testsuite hostname="DESKTOP-OEV9Q9R" failures="0" tests="1" name="orangeHRM.assgnLeave" time="2.218" errors="0" timestamp="2023-07-23T17:57:21 ICT" skipped="0">
  <testcase classname="orangeHRM.assgnLeave" name="assignL" time="2.218"/>
</testsuite> <!-- orangeHRM.assgnLeave -->
