<?xml version="1.0" encoding="UTF-8"?>
<!-- Generated by org.testng.reporters.JUnitReportReporter -->
<testsuite hostname="DESKTOP-OEV9Q9R" failures="0" tests="1" name="orangeHRM.assignLeave" time="0.002" errors="0" timestamp="2023-07-24T00:28:51 ICT" skipped="0">
  <testcase classname="orangeHRM.assignLeave" name="afterTest" time="0.002"/>
</testsuite> <!-- orangeHRM.assignLeave -->
