<?xml version="1.0" encoding="UTF-8"?>
<!-- Generated by org.testng.reporters.JUnitReportReporter -->
<testsuite hostname="DESKTOP-OEV9Q9R" failures="0" tests="1" name="orangeHRM.generalFunction" time="18.490" errors="0" timestamp="2023-07-24T00:33:27 ICT" skipped="0">
  <testcase classname="orangeHRM.generalFunction" name="assignL" time="18.490"/>
</testsuite> <!-- orangeHRM.generalFunction -->
