<?xml version="1.0" encoding="UTF-8"?>
<!-- Generated by org.testng.reporters.JUnitReportReporter -->
<testsuite hostname="DESKTOP-OEV9Q9R" failures="0" tests="2" name="test.TestLoginOrangelHRM" time="3.818" errors="0" timestamp="2023-08-03T21:53:22 ICT" skipped="0">
  <testcase classname="test.TestLoginOrangelHRM" name="LoginPage" time="2.033"/>
  <testcase classname="test.TestLoginOrangelHRM" name="chooseLeaveModule" time="1.785"/>
</testsuite> <!-- test.TestLoginOrangelHRM -->
